{"level":30,"time":"2024-06-11T13:12:49.155Z","msg":"key/initialize: Generating new encryption key, since we did not find it on disk"}
{"level":30,"time":"2024-06-11T13:12:49.156Z","msg":"config/set: Saving user config to disk"}
{"level":30,"time":"2024-06-11T13:12:49.160Z","msg":"config/set: Saved user config to disk"}
{"level":30,"time":"2024-06-11T13:12:49.161Z","msg":"config/set: Saving ephemeral config to disk"}
{"level":30,"time":"2024-06-11T13:12:49.166Z","msg":"config/set: Saved ephemeral config to disk"}
{"level":30,"time":"2024-06-11T13:12:49.166Z","msg":"initializing localeOverride setting null"}
{"level":30,"time":"2024-06-11T13:12:49.166Z","msg":"app.ready: hour cycle preference: UnknownPreference"}
{"level":30,"time":"2024-06-11T13:12:49.166Z","msg":"app.ready: preferred system locales: en-US, en"}
{"level":30,"time":"2024-06-11T13:12:49.167Z","msg":"locale: Supported locales: af-ZA, ar, az-AZ, bg-BG, bn-BD, bs-BA, ca, cs, da, de, el, en, es, et-EE, eu, fa-IR, fi, fr, ga-IE, gl-ES, gu-IN, he, hi-IN, hr-HR, hu, id, it, ja, ka-GE, kk-KZ, km-KH, kn-IN, ko, ky-KG, lt-LT, lv-LV, mk-MK, ml-IN, mr-IN, ms, my, nb, nl, pa-IN, pl, pt-BR, pt-PT, ro-RO, ru, sk-SK, sl-SI, sq-AL, sr, sv, sw, ta-IN, te-IN, th, tl-PH, tr, ug, uk-UA, ur, vi, yue, zh-CN, zh-HK, zh-Hant"}
{"level":30,"time":"2024-06-11T13:12:49.167Z","msg":"locale: Preferred locales: en-US, en"}
{"level":30,"time":"2024-06-11T13:12:49.167Z","msg":"locale: Locale Override: null"}
{"level":30,"time":"2024-06-11T13:12:49.168Z","msg":"locale: Matched locale: en"}
{"level":40,"time":"2024-06-11T13:12:49.191Z","msg":"intl.onWarn [@formatjs/intl] \"defaultRichTextElements\" was specified but \"message\" was not pre-compiled. \nPlease consider using \"@formatjs/cli\" to pre-compile your messages for performance.\nFor more details see https://formatjs.io/docs/getting-started/message-distribution"}
{"level":30,"time":"2024-06-11T13:12:49.191Z","msg":"locale: Text info direction for en: ltr"}
{"level":30,"time":"2024-06-11T13:12:49.192Z","msg":"getSystemTraySetting got no value, returning Uninitialized"}
{"level":30,"time":"2024-06-11T13:12:49.192Z","msg":"config/set: Saving ephemeral config to disk"}
{"level":30,"time":"2024-06-11T13:12:49.195Z","msg":"config/set: Saved ephemeral config to disk"}
{"level":30,"time":"2024-06-11T13:12:49.195Z","msg":"app.ready: setting system-tray-setting to DoNotUseSystemTray"}
{"level":30,"time":"2024-06-11T13:12:49.196Z","msg":"config/set: Saving ephemeral config to disk"}
{"level":30,"time":"2024-06-11T13:12:49.200Z","msg":"config/set: Saved ephemeral config to disk"}
{"level":30,"time":"2024-06-11T13:12:49.201Z","msg":"app ready"}
{"level":30,"time":"2024-06-11T13:12:49.201Z","msg":"starting version 7.11.1"}
{"level":30,"time":"2024-06-11T13:12:49.201Z","msg":"media access status [object Undefined] [object Undefined]"}
{"level":30,"time":"2024-06-11T13:12:49.202Z","msg":"MainSQL: migrateSchemaVersion: Migrating from schema_version 0 to user_version 0"}
{"level":30,"time":"2024-06-11T13:12:49.202Z","msg":"MainSQL: updateSchema:\n  Current user_version: 0;\n  Most recent db schema: 1050;\n  SQLite version: 3.42.0;\n  SQLCipher version: 4.5.5 community;\n  (deprecated) schema_version: 0;\n"}
{"level":30,"time":"2024-06-11T13:12:49.202Z","msg":"MainSQL: updateToSchemaVersion1: starting..."}
{"level":30,"time":"2024-06-11T13:12:49.202Z","msg":"MainSQL: updateToSchemaVersion1: success!"}
{"level":30,"time":"2024-06-11T13:12:49.202Z","msg":"MainSQL: updateToSchemaVersion2: starting..."}
{"level":30,"time":"2024-06-11T13:12:49.202Z","msg":"MainSQL: updateToSchemaVersion2: success!"}
{"level":30,"time":"2024-06-11T13:12:49.202Z","msg":"MainSQL: updateToSchemaVersion3: starting..."}
{"level":30,"time":"2024-06-11T13:12:49.202Z","msg":"MainSQL: updateToSchemaVersion3: success!"}
{"level":30,"time":"2024-06-11T13:12:49.202Z","msg":"MainSQL: updateToSchemaVersion4: starting..."}
{"level":30,"time":"2024-06-11T13:12:49.202Z","msg":"MainSQL: updateToSchemaVersion4: success!"}
{"level":30,"time":"2024-06-11T13:12:49.202Z","msg":"MainSQL: updateToSchemaVersion6: starting..."}
{"level":30,"time":"2024-06-11T13:12:49.202Z","msg":"MainSQL: updateToSchemaVersion6: success!"}
{"level":30,"time":"2024-06-11T13:12:49.202Z","msg":"MainSQL: updateToSchemaVersion7: starting..."}
{"level":30,"time":"2024-06-11T13:12:49.202Z","msg":"MainSQL: updateToSchemaVersion7: success!"}
{"level":30,"time":"2024-06-11T13:12:49.202Z","msg":"MainSQL: updateToSchemaVersion8: starting..."}
{"level":30,"time":"2024-06-11T13:12:49.205Z","msg":"config/set: Saving ephemeral config to disk"}
{"level":30,"time":"2024-06-11T13:12:49.209Z","msg":"config/set: Saved ephemeral config to disk"}
{"level":30,"time":"2024-06-11T13:12:49.209Z","msg":"saving theme-setting value system"}
{"level":30,"time":"2024-06-11T13:12:49.209Z","msg":"config/set: Saving ephemeral config to disk"}
{"level":30,"time":"2024-06-11T13:12:49.213Z","msg":"config/set: Saved ephemeral config to disk"}
{"level":30,"time":"2024-06-11T13:12:49.213Z","msg":"initializing spellcheck setting true"}
{"level":50,"time":"2024-06-11T13:12:49.214Z","msg":"visibleOnAnyScreen: windowOptions didn't have valid bounds fields"}
{"level":50,"time":"2024-06-11T13:12:49.214Z","msg":"visibleOnAnyScreen: windowOptions didn't have valid bounds fields"}
{"level":30,"time":"2024-06-11T13:12:49.214Z","msg":"Location reset needed"}
{"level":30,"time":"2024-06-11T13:12:49.214Z","msg":"Initializing BrowserWindow config: {\"show\":false,\"width\":800,\"height\":610,\"minWidth\":300,\"minHeight\":200,\"autoHideMenuBar\":false,\"titleBarStyle\":\"default\",\"backgroundColor\":\"#121212\",\"webPreferences\":{\"devTools\":false,\"spellcheck\":true,\"enableBlinkFeatures\":\"CSSPseudoDir,CSSLogical\",\"enablePreferredSizeMode\":true,\"nodeIntegration\":false,\"nodeIntegrationInWorker\":false,\"sandbox\":false,\"contextIsolation\":true,\"preload\":\"[REDACTED]/preload.bundle.js\",\"backgroundThrottling\":true,\"disableBlinkFeatures\":\"Accelerated2dCanvas,AcceleratedSmallCanvases\"},\"icon\":\"[REDACTED]/images/signal-logo-desktop-linux.png\"}"}
{"level":30,"time":"2024-06-11T13:12:49.282Z","msg":"spellcheck: user locales: [\"en-US\",\"en\"]"}
{"level":30,"time":"2024-06-11T13:12:49.282Z","msg":"spellcheck: available spellchecker languages: [\"af\",\"bg\",\"ca\",\"cs\",\"cy\",\"da\",\"de\",\"de-DE\",\"el\",\"en\",\"en-AU\",\"en-CA\",\"en-GB\",\"en-GB-oxendict\",\"en-US\",\"es\",\"es-419\",\"es-AR\",\"es-ES\",\"es-MX\",\"es-US\",\"et\",\"fa\",\"fo\",\"fr\",\"fr-FR\",\"he\",\"hi\",\"hr\",\"hu\",\"hy\",\"id\",\"it\",\"it-IT\",\"ko\",\"lt\",\"lv\",\"nb\",\"nl\",\"pl\",\"pt\",\"pt-BR\",\"pt-PT\",\"ro\",\"ru\",\"sh\",\"sk\",\"sl\",\"sq\",\"sr\",\"sv\",\"ta\",\"tg\",\"tr\",\"uk\",\"vi\"]"}
{"level":30,"time":"2024-06-11T13:12:49.282Z","msg":"spellcheck: setting languages to: [\"en-US\",\"en\"]"}
{"level":30,"time":"2024-06-11T13:12:49.282Z","msg":"MainSQL: updateToSchemaVersion8: success!"}
{"level":30,"time":"2024-06-11T13:12:49.282Z","msg":"MainSQL: updateToSchemaVersion9: starting..."}
{"level":30,"time":"2024-06-11T13:12:49.283Z","msg":"MainSQL: updateToSchemaVersion9: success!"}
{"level":30,"time":"2024-06-11T13:12:49.283Z","msg":"MainSQL: updateToSchemaVersion10: starting..."}
{"level":30,"time":"2024-06-11T13:12:49.283Z","msg":"MainSQL: updateToSchemaVersion10: success!"}
{"level":30,"time":"2024-06-11T13:12:49.283Z","msg":"MainSQL: updateToSchemaVersion11: starting..."}
{"level":30,"time":"2024-06-11T13:12:49.283Z","msg":"MainSQL: updateToSchemaVersion11: success!"}
{"level":30,"time":"2024-06-11T13:12:49.283Z","msg":"MainSQL: updateToSchemaVersion12: starting..."}
{"level":30,"time":"2024-06-11T13:12:49.283Z","msg":"MainSQL: updateToSchemaVersion12: success!"}
{"level":30,"time":"2024-06-11T13:12:49.283Z","msg":"MainSQL: updateToSchemaVersion13: starting..."}
{"level":30,"time":"2024-06-11T13:12:49.283Z","msg":"MainSQL: updateToSchemaVersion13: success!"}
{"level":30,"time":"2024-06-11T13:12:49.283Z","msg":"MainSQL: updateToSchemaVersion14: starting..."}
{"level":30,"time":"2024-06-11T13:12:49.283Z","msg":"MainSQL: updateToSchemaVersion14: success!"}
{"level":30,"time":"2024-06-11T13:12:49.283Z","msg":"MainSQL: updateToSchemaVersion15: starting..."}
{"level":30,"time":"2024-06-11T13:12:49.283Z","msg":"MainSQL: updateToSchemaVersion15: success!"}
{"level":30,"time":"2024-06-11T13:12:49.283Z","msg":"MainSQL: updateToSchemaVersion16: starting..."}
{"level":30,"time":"2024-06-11T13:12:49.283Z","msg":"MainSQL: updateToSchemaVersion16: success!"}
{"level":30,"time":"2024-06-11T13:12:49.283Z","msg":"MainSQL: updateToSchemaVersion17: starting..."}
{"level":30,"time":"2024-06-11T13:12:49.283Z","msg":"MainSQL: updateToSchemaVersion17: success!"}
{"level":30,"time":"2024-06-11T13:12:49.283Z","msg":"MainSQL: updateToSchemaVersion18: starting..."}
{"level":30,"time":"2024-06-11T13:12:49.283Z","msg":"MainSQL: updateToSchemaVersion18: success!"}
{"level":30,"time":"2024-06-11T13:12:49.283Z","msg":"MainSQL: updateToSchemaVersion19: starting..."}
{"level":30,"time":"2024-06-11T13:12:49.283Z","msg":"MainSQL: updateToSchemaVersion19: success!"}
{"level":30,"time":"2024-06-11T13:12:49.283Z","msg":"MainSQL: updateToSchemaVersion20: starting..."}
{"level":30,"time":"2024-06-11T13:12:49.283Z","msg":"MainSQL: updateToSchemaVersion20: success!"}
{"level":30,"time":"2024-06-11T13:12:49.283Z","msg":"MainSQL: updateToSchemaVersion21: success!"}
{"level":30,"time":"2024-06-11T13:12:49.283Z","msg":"MainSQL: updateToSchemaVersion22: success!"}
{"level":30,"time":"2024-06-11T13:12:49.283Z","msg":"MainSQL: updateToSchemaVersion23: success!"}
{"level":30,"time":"2024-06-11T13:12:49.283Z","msg":"MainSQL: updateToSchemaVersion24: success!"}
{"level":30,"time":"2024-06-11T13:12:49.283Z","msg":"MainSQL: updateToSchemaVersion25: success!"}
{"level":30,"time":"2024-06-11T13:12:49.283Z","msg":"MainSQL: updateToSchemaVersion26: success!"}
{"level":30,"time":"2024-06-11T13:12:49.283Z","msg":"MainSQL: updateToSchemaVersion27: success!"}
{"level":30,"time":"2024-06-11T13:12:49.283Z","msg":"MainSQL: updateToSchemaVersion28: success!"}
{"level":30,"time":"2024-06-11T13:12:49.283Z","msg":"MainSQL: updateToSchemaVersion29: success!"}
{"level":30,"time":"2024-06-11T13:12:49.283Z","msg":"MainSQL: updateToSchemaVersion30: success!"}
{"level":30,"time":"2024-06-11T13:12:49.283Z","msg":"MainSQL: updateToSchemaVersion31: starting..."}
{"level":30,"time":"2024-06-11T13:12:49.283Z","msg":"MainSQL: updateToSchemaVersion31: success!"}
{"level":30,"time":"2024-06-11T13:12:49.283Z","msg":"MainSQL: updateToSchemaVersion32: success!"}
{"level":30,"time":"2024-06-11T13:12:49.283Z","msg":"MainSQL: updateToSchemaVersion33: success!"}
{"level":30,"time":"2024-06-11T13:12:49.283Z","msg":"MainSQL: updateToSchemaVersion34: success!"}
{"level":30,"time":"2024-06-11T13:12:49.283Z","msg":"MainSQL: updateToSchemaVersion35: success!"}
{"level":30,"time":"2024-06-11T13:12:49.283Z","msg":"MainSQL: updateToSchemaVersion36: success!"}
{"level":30,"time":"2024-06-11T13:12:49.283Z","msg":"MainSQL: updateToSchemaVersion37: success!"}
{"level":30,"time":"2024-06-11T13:12:49.284Z","msg":"spellcheck: dictionary download begin: en"}
{"level":30,"time":"2024-06-11T13:12:49.284Z","msg":"spellcheck: dictionary download begin: en-US"}
{"level":30,"time":"2024-06-11T13:12:49.289Z","msg":"MainSQL: updateToSchemaVersion38: success!"}
{"level":30,"time":"2024-06-11T13:12:49.292Z","msg":"MainSQL: updateToSchemaVersion39: success!"}
{"level":30,"time":"2024-06-11T13:12:49.294Z","msg":"MainSQL: updateToSchemaVersion40: success!"}
{"level":30,"time":"2024-06-11T13:12:49.299Z","msg":"MainSQL: updateToSchemaVersion41: success!"}
{"level":30,"time":"2024-06-11T13:12:49.301Z","msg":"MainSQL: updateToSchemaVersion42: success!"}
{"level":30,"time":"2024-06-11T13:12:49.301Z","msg":"MainSQL: updateToSchemaVersion43: About to iterate through 0 conversations"}
{"level":30,"time":"2024-06-11T13:12:49.302Z","msg":"MainSQL: updateToSchemaVersion43: About to iterate through 0 messages"}
{"level":30,"time":"2024-06-11T13:12:49.302Z","msg":"MainSQL: updateToSchemaVersion43: Updated 0 messages"}
{"level":30,"time":"2024-06-11T13:12:49.304Z","msg":"MainSQL: updateToSchemaVersion43: success!"}
{"level":30,"time":"2024-06-11T13:12:49.306Z","msg":"MainSQL: updateToSchemaVersion44: success!"}
{"level":30,"time":"2024-06-11T13:12:49.310Z","msg":"MainSQL: updateToSchemaVersion45: success!"}
{"level":30,"time":"2024-06-11T13:12:49.312Z","msg":"MainSQL: updateToSchemaVersion46: success!"}
{"level":30,"time":"2024-06-11T13:12:49.316Z","msg":"MainSQL: updateToSchemaVersion47: our UUID not found"}
{"level":30,"time":"2024-06-11T13:12:49.318Z","msg":"MainSQL: updateToSchemaVersion47: success!"}
{"level":30,"time":"2024-06-11T13:12:49.320Z","msg":"MainSQL: updateToSchemaVersion48: success!"}
{"level":30,"time":"2024-06-11T13:12:49.322Z","msg":"MainSQL: updateToSchemaVersion49: success!"}
{"level":30,"time":"2024-06-11T13:12:49.324Z","msg":"MainSQL: updateToSchemaVersion50: success!"}
{"level":30,"time":"2024-06-11T13:12:49.326Z","msg":"MainSQL: updateToSchemaVersion51: success!"}
{"level":30,"time":"2024-06-11T13:12:49.328Z","msg":"MainSQL: updateToSchemaVersion52: success!"}
{"level":30,"time":"2024-06-11T13:12:49.328Z","msg":"MainSQL: updateToSchemaVersion53: About to iterate through 0 conversations"}
{"level":30,"time":"2024-06-11T13:12:49.328Z","msg":"MainSQL: updateToSchemaVersion53: Updated 0 conversations"}
{"level":30,"time":"2024-06-11T13:12:49.330Z","msg":"MainSQL: updateToSchemaVersion53: success!"}
{"level":30,"time":"2024-06-11T13:12:49.332Z","msg":"MainSQL: updateToSchemaVersion54: success!"}
{"level":30,"time":"2024-06-11T13:12:49.334Z","msg":"MainSQL: updateToSchemaVersion55: success!"}
{"level":30,"time":"2024-06-11T13:12:49.336Z","msg":"MainSQL: updateToSchemaVersion56: success!"}
{"level":30,"time":"2024-06-11T13:12:49.338Z","msg":"MainSQL: updateToSchemaVersion57: success!"}
{"level":30,"time":"2024-06-11T13:12:49.340Z","msg":"MainSQL: updateToSchemaVersion58: success!"}
{"level":30,"time":"2024-06-11T13:12:49.342Z","msg":"MainSQL: updateToSchemaVersion59: success!"}
{"level":30,"time":"2024-06-11T13:12:49.344Z","msg":"MainSQL: updateToSchemaVersion60: success!"}
{"level":30,"time":"2024-06-11T13:12:49.351Z","msg":"MainSQL: updateToSchemaVersion61: success!"}
{"level":30,"time":"2024-06-11T13:12:49.354Z","msg":"MainSQL: updateToSchemaVersion62: success!"}
{"level":30,"time":"2024-06-11T13:12:49.357Z","msg":"MainSQL: updateToSchemaVersion63: success!"}
{"level":30,"time":"2024-06-11T13:12:49.360Z","msg":"MainSQL: updateToSchemaVersion64: success!"}
{"level":30,"time":"2024-06-11T13:12:49.364Z","msg":"MainSQL: updateToSchemaVersion65: success!"}
{"level":30,"time":"2024-06-11T13:12:49.367Z","msg":"MainSQL: updateToSchemaVersion66: success!"}
{"level":30,"time":"2024-06-11T13:12:49.370Z","msg":"MainSQL: updateToSchemaVersion67: success!"}
{"level":30,"time":"2024-06-11T13:12:49.378Z","msg":"MainSQL: updateToSchemaVersion68: success!"}
{"level":30,"time":"2024-06-11T13:12:49.380Z","msg":"MainSQL: updateToSchemaVersion69: success!"}
{"level":30,"time":"2024-06-11T13:12:49.382Z","msg":"MainSQL: updateToSchemaVersion70: success!"}
{"level":30,"time":"2024-06-11T13:12:49.395Z","msg":"MainSQL: updateToSchemaVersion71: success!"}
{"level":30,"time":"2024-06-11T13:12:49.399Z","msg":"MainSQL: updateToSchemaVersion72: success!"}
{"level":30,"time":"2024-06-11T13:12:49.411Z","msg":"MainSQL: updateToSchemaVersion73: success!"}
{"level":30,"time":"2024-06-11T13:12:49.413Z","msg":"MainSQL: updateToSchemaVersion74: success!"}
{"level":30,"time":"2024-06-11T13:12:49.414Z","msg":"MainSQL: updateToSchemaVersion75: success!"}
{"level":30,"time":"2024-06-11T13:12:49.420Z","msg":"MainSQL: updateToSchemaVersion76: success!"}
{"level":30,"time":"2024-06-11T13:12:49.423Z","msg":"MainSQL: updateToSchemaVersion77: success!"}
{"level":30,"time":"2024-06-11T13:12:49.425Z","msg":"MainSQL: updateToSchemaVersion78: success!"}
{"level":30,"time":"2024-06-11T13:12:49.428Z","msg":"MainSQL: updateToSchemaVersion79: success!"}
{"level":30,"time":"2024-06-11T13:12:49.430Z","msg":"MainSQL: updateToSchemaVersion80: success!"}
{"level":30,"time":"2024-06-11T13:12:49.438Z","msg":"MainSQL: updateToSchemaVersion81: success!"}
{"level":30,"time":"2024-06-11T13:12:49.441Z","msg":"MainSQL: updateToSchemaVersion82: success!"}
{"level":30,"time":"2024-06-11T13:12:49.444Z","msg":"MainSQL: updateToSchemaVersion83: success!"}
{"level":30,"time":"2024-06-11T13:12:49.446Z","msg":"MainSQL: updateToSchemaVersion84: success!"}
{"level":30,"time":"2024-06-11T13:12:49.448Z","msg":"MainSQL: updateToSchemaVersion85: success!"}
{"level":30,"time":"2024-06-11T13:12:49.450Z","msg":"MainSQL: updateToSchemaVersion86: success!"}
{"level":30,"time":"2024-06-11T13:12:49.450Z","msg":"MainSQL: updateToSchemaVersion87(cleanup)/kyberPreKeys: Our PNI not found"}
{"level":30,"time":"2024-06-11T13:12:49.450Z","msg":"MainSQL: updateToSchemaVersion87(cleanup)/preKeys: Our PNI not found"}
{"level":30,"time":"2024-06-11T13:12:49.450Z","msg":"MainSQL: updateToSchemaVersion87(cleanup)/signedPreKeys: Our PNI not found"}
{"level":30,"time":"2024-06-11T13:12:49.451Z","msg":"MainSQL: updateToSchemaVersion87(cleanup): success!"}
{"level":30,"time":"2024-06-11T13:12:49.466Z","msg":"spellcheck: dictionary download success: en"}
{"level":30,"time":"2024-06-11T13:12:49.467Z","msg":"spellcheck: dictionary download success: en-US"}
{"level":30,"time":"2024-06-11T13:12:49.467Z","msg":"spellcheck: dictionary initialized: en-US"}
{"level":30,"time":"2024-06-11T13:12:49.467Z","msg":"spellcheck: dictionary initialized: en"}
{"level":30,"time":"2024-06-11T13:12:49.479Z","msg":"MainSQL: updateToSchemaVersion88: updating 0 conversations"}
{"level":30,"time":"2024-06-11T13:12:49.479Z","msg":"MainSQL: updateToSchemaVersion88: Our UUID not found"}
{"level":30,"time":"2024-06-11T13:12:49.479Z","msg":"MainSQL: updateToSchemaVersion88: Our PNI not found"}
{"level":30,"time":"2024-06-11T13:12:49.479Z","msg":"MainSQL: updateToSchemaVersion88: updating 0 sessions"}
{"level":30,"time":"2024-06-11T13:12:49.479Z","msg":"MainSQL: updateToSchemaVersion88: updating messages"}
{"level":30,"time":"2024-06-11T13:12:49.479Z","msg":"MainSQL: updateToSchemaVersion88: updated 0 messages"}
{"level":30,"time":"2024-06-11T13:12:49.479Z","msg":"MainSQL: updateToSchemaVersion88: updating 0 preKeys"}
{"level":30,"time":"2024-06-11T13:12:49.479Z","msg":"MainSQL: updateToSchemaVersion88: updating 0 signedPreKeys"}
{"level":30,"time":"2024-06-11T13:12:49.479Z","msg":"MainSQL: updateToSchemaVersion88: updating 0 kyberPreKeys"}
{"level":30,"time":"2024-06-11T13:12:49.479Z","msg":"MainSQL: updateToSchemaVersion88: updated 0 jobs"}
{"level":30,"time":"2024-06-11T13:12:49.482Z","msg":"MainSQL: updateToSchemaVersion88: success!"}
{"level":30,"time":"2024-06-11T13:12:49.489Z","msg":"MainSQL: updateToSchemaVersion89: success!"}
{"level":30,"time":"2024-06-11T13:12:49.491Z","msg":"MainSQL: updateToSchemaVersion90: removed screenshotData from 0 message"}
{"level":30,"time":"2024-06-11T13:12:49.491Z","msg":"MainSQL: updateToSchemaVersion90: success!"}
{"level":30,"time":"2024-06-11T13:12:49.497Z","msg":"MainSQL: updateToSchemaVersion91: Found 0 keys"}
{"level":30,"time":"2024-06-11T13:12:49.499Z","msg":"MainSQL: updateToSchemaVersion91: success!"}
{"level":30,"time":"2024-06-11T13:12:49.499Z","msg":"MainSQL: updateToSchemaVersion920/kyberPreKeys: Our PNI not found"}
{"level":30,"time":"2024-06-11T13:12:49.499Z","msg":"MainSQL: updateToSchemaVersion920/signedPreKeys: Our PNI not found"}
{"level":30,"time":"2024-06-11T13:12:49.499Z","msg":"MainSQL: updateToSchemaVersion920: Done with deletions"}
{"level":30,"time":"2024-06-11T13:12:49.501Z","msg":"MainSQL: updateToSchemaVersion920: user_version set to 920. Starting vacuum..."}
{"level":30,"time":"2024-06-11T13:12:49.509Z","msg":"MainSQL: updateToSchemaVersion920: Vacuum complete."}
{"level":30,"time":"2024-06-11T13:12:49.509Z","msg":"MainSQL: updateToSchemaVersion920: success!"}
{"level":30,"time":"2024-06-11T13:12:49.511Z","msg":"MainSQL: updateToSchemaVersion930: success!"}
{"level":30,"time":"2024-06-11T13:12:49.513Z","msg":"MainSQL: updateToSchemaVersion940: success!"}
{"level":30,"time":"2024-06-11T13:12:49.514Z","msg":"MainSQL: updateToSchemaVersion950: success!"}
{"level":30,"time":"2024-06-11T13:12:49.515Z","msg":"MainSQL: updateToSchemaVersion960: Our ACI not found"}
{"level":30,"time":"2024-06-11T13:12:49.515Z","msg":"MainSQL: updateToSchemaVersion960: not running, pni is normalized"}
{"level":30,"time":"2024-06-11T13:12:49.515Z","msg":"MainSQL: updateToSchemaVersion960: success!"}
{"level":30,"time":"2024-06-11T13:12:49.517Z","msg":"MainSQL: updateToSchemaVersion970: success! fts optimize took 2ms"}
{"level":30,"time":"2024-06-11T13:12:49.521Z","msg":"MainSQL: updateToSchemaVersion980: success!"}
{"level":30,"time":"2024-06-11T13:12:49.522Z","msg":"MainSQL: updateToSchemaVersion990: success!"}
{"level":30,"time":"2024-06-11T13:12:49.524Z","msg":"MainSQL: updateToSchemaVersion1000: success!"}
{"level":30,"time":"2024-06-11T13:12:49.526Z","msg":"MainSQL: updateToSchemaVersion1010: success!"}
{"level":30,"time":"2024-06-11T13:12:49.526Z","msg":"MainSQL: updateToSchemaVersion1020: not linked"}
{"level":30,"time":"2024-06-11T13:12:49.528Z","msg":"MainSQL: updateToSchemaVersion1020: success!"}
{"level":30,"time":"2024-06-11T13:12:49.535Z","msg":"MainSQL: updateToSchemaVersion1030: success!"}
{"level":30,"time":"2024-06-11T13:12:49.535Z","msg":"MainSQL: updateToSchemaVersion1040: loaded 0 existing jobs"}
{"level":30,"time":"2024-06-11T13:12:49.537Z","msg":"MainSQL: updateToSchemaVersion1040: transferred 0 rows, removed 0"}
{"level":30,"time":"2024-06-11T13:12:49.540Z","msg":"MainSQL: updateToSchemaVersion1040: success!"}
{"level":30,"time":"2024-06-11T13:12:49.543Z","msg":"MainSQL: updateToSchemaVersion1050: success!"}
{"level":30,"time":"2024-06-11T13:12:49.543Z","msg":"MainSQL: enableFTS5SecureDelete: enabling"}
{"level":30,"time":"2024-06-11T13:12:49.544Z","msg":"MainSQL: updateSchema: optimize took 0ms"}
{"level":30,"time":"2024-06-11T13:12:49.852Z","msg":"got fast theme-setting value system"}
{"level":30,"time":"2024-06-11T13:12:50.283Z","msg":"got fast spellcheck setting true"}
{"level":30,"time":"2024-06-11T13:12:50.289Z","msg":"System tray service: created"}
{"level":30,"time":"2024-06-11T13:12:50.289Z","msg":"System tray service: updating main window. Previously, there was not a window, and now there is"}
{"level":30,"time":"2024-06-11T13:12:50.289Z","msg":"System tray service: rendering no tray"}
{"level":30,"time":"2024-06-11T13:12:50.289Z","msg":"Begin ensuring permissions"}
{"level":30,"time":"2024-06-11T13:12:50.290Z","msg":"Ensuring file permissions for 4 files"}
{"level":30,"time":"2024-06-11T13:12:50.292Z","msg":"Finish ensuring permissions in 3ms"}
{"level":30,"time":"2024-06-11T13:12:50.301Z","msg":"main window is ready-to-show"}
{"level":30,"time":"2024-06-11T13:12:50.301Z","msg":"showing main window"}
{"level":30,"time":"2024-06-11T13:12:50.315Z","msg":"System tray service: rendering no tray"}
{"level":30,"time":"2024-06-11T13:12:50.346Z","msg":"deleteAllBadges: deleted 0 files"}
{"level":30,"time":"2024-06-11T13:12:50.348Z","msg":"MainSQL: removeKnownStickers: About to iterate through 0 stickers"}
{"level":30,"time":"2024-06-11T13:12:50.348Z","msg":"MainSQL: removeKnownStickers: Done processing 0 stickers"}
{"level":30,"time":"2024-06-11T13:12:50.348Z","msg":"deleteAllStickers: deleted 0 files"}
{"level":30,"time":"2024-06-11T13:12:50.348Z","msg":"MainSQL: removeKnownDraftAttachments: About to iterate through 0 conversations"}
{"level":30,"time":"2024-06-11T13:12:50.348Z","msg":"MainSQL: removeKnownDraftAttachments: Done processing 0 conversations"}
{"level":30,"time":"2024-06-11T13:12:50.348Z","msg":"deleteAllDraftAttachments: deleted 0 files"}
{"level":30,"time":"2024-06-11T13:12:50.349Z","msg":"cleanupOrphanedAttachments: found 0 attachments on disk"}
{"level":30,"time":"2024-06-11T13:12:50.349Z","msg":"MainSQL: getKnownConversationAttachments: About to iterate through 0"}
{"level":30,"time":"2024-06-11T13:12:50.349Z","msg":"MainSQL: getKnownConversationAttachments: Done processing"}
{"level":30,"time":"2024-06-11T13:12:50.349Z","msg":"cleanupOrphanedAttachments: found 0 conversation attachments (0 missing), 0 remain"}
{"level":30,"time":"2024-06-11T13:12:50.349Z","msg":"cleanupOrphanedAttachments: took 11ms"}
{"level":30,"time":"2024-06-11T13:12:50.349Z","msg":"Begin ensuring permissions"}
{"level":30,"time":"2024-06-11T13:12:50.349Z","msg":"MainSQL: pageMessages(c0c603dc990fc3ba): Starting iteration through 0 messages"}
{"level":30,"time":"2024-06-11T13:12:50.352Z","msg":"Ensuring file permissions for 81 files"}
{"level":50,"time":"2024-06-11T13:12:50.353Z","msg":"ensureFilePermissions: Error from chmod ENOENT: no such file or directory, chmod '[REDACTED]/SingletonCookie'"}
{"level":50,"time":"2024-06-11T13:12:50.353Z","msg":"ensureFilePermissions: Error from chmod ENOENT: no such file or directory, chmod '[REDACTED]/SingletonLock'"}
{"level":30,"time":"2024-06-11T13:12:50.354Z","msg":"Finish ensuring permissions in 5ms"}
{"level":30,"time":"2024-06-11T13:12:50.378Z","msg":"updater/start: Updates disabled - not starting new version checks"}
{"level":30,"time":"2024-06-11T13:12:50.380Z","msg":"Prevent display sleep service: allowing display sleep"}
{"level":30,"time":"2024-06-11T13:12:50.380Z","msg":"Background throttling enabled because no call is active"}
{"level":30,"time":"2024-06-11T13:12:50.401Z","msg":"MainSQL: finishPageMessages(c0c603dc990fc3ba): reached the end after processing 0 messages"}
{"level":30,"time":"2024-06-11T13:12:50.401Z","msg":"cleanupOrphanedAttachments: found 0 message attachments, (0 missing) 0 remain"}
{"level":30,"time":"2024-06-11T13:12:50.401Z","msg":"deleteAll: deleted 0 files"}
{"level":30,"time":"2024-06-11T13:12:50.401Z","msg":"deleteOrphanedAttachments: took 52ms"}
{"level":30,"time":"2024-06-11T13:12:51.516Z","msg":"Updating BrowserWindow config: %s {\"maximized\":false,\"autoHideMenuBar\":false,\"fullscreen\":false,\"width\":1912,\"height\":1030,\"x\":4,\"y\":46}"}
{"level":30,"time":"2024-06-11T13:12:51.517Z","msg":"config/set: Saving ephemeral config to disk"}
{"level":30,"time":"2024-06-11T13:12:51.521Z","msg":"config/set: Saved ephemeral config to disk"}
{"level":40,"time":"2024-06-11T13:13:24.163Z","msg":"MainSQL: Database log code=17: statement aborts at 13: [\n      SELECT *\n      FROM items\n      WHERE id = $id;] database schema has changed"}
{"level":40,"time":"2024-06-11T13:13:24.164Z","msg":"MainSQL: Database log code=17: statement aborts at 11: [SELECT * FROM senderKeys] database schema has changed"}
{"level":30,"time":"2024-06-11T13:13:25.745Z","msg":"App loaded - time: 36545"}
{"level":30,"time":"2024-06-11T13:13:25.745Z","msg":"SQL init - time: 386"}
{"level":30,"time":"2024-06-11T13:13:25.745Z","msg":"Preload - time: 424"}
{"level":30,"time":"2024-06-11T13:13:25.745Z","msg":"WebSocket connect - time: 35469"}
{"level":30,"time":"2024-06-11T13:13:25.745Z","msg":"Processed count: 0"}
{"level":30,"time":"2024-06-11T13:13:25.745Z","msg":"Messages per second: 0"}
{"level":30,"time":"2024-06-11T13:13:30.756Z","msg":"createHTTPSAgent.createConnection(updates2.signal.org): connected to IPv4 addr after 51ms (attempts v4=1 v6=0)"}
{"level":30,"time":"2024-06-11T13:14:49.237Z","msg":"MainSQL: deleteSentProtoRecipient: Deleting proto payload for timestamp 1718111685873"}
{"level":30,"time":"2024-06-11T13:17:11.277Z","msg":"System tray service: setting unread count to 1"}
{"level":30,"time":"2024-06-11T13:17:11.277Z","msg":"System tray service: rendering no tray"}
{"level":30,"time":"2024-06-11T13:17:11.365Z","msg":"Approving request for permission 'notifications'"}
{"level":30,"time":"2024-06-11T13:17:16.749Z","msg":"System tray service: setting unread count to 0"}
{"level":30,"time":"2024-06-11T13:17:16.749Z","msg":"System tray service: rendering no tray"}
{"level":30,"time":"2024-06-11T13:17:35.886Z","msg":"MainSQL: deleteSentProtoRecipient: Deleting proto payload for timestamp 1718111854668"}
{"level":30,"time":"2024-06-11T13:18:22.065Z","msg":"close event {\"readyForShutdown\":false,\"shouldQuit\":false}"}
{"level":30,"time":"2024-06-11T13:18:22.065Z","msg":"maybeRequestCloseConfirmation: Checking to see if close confirmation is needed"}
{"level":30,"time":"2024-06-11T13:18:22.066Z","msg":"maybeRequestCloseConfirmation: Confirmation dialog shown, waiting for user."}
{"level":30,"time":"2024-06-11T13:18:22.066Z","msg":"maybeRequestCloseConfirmation: Response received"}
{"level":30,"time":"2024-06-11T13:18:22.067Z","msg":"System tray service: rendering no tray"}
{"level":30,"time":"2024-06-11T13:18:22.067Z","msg":"requestShutdown: Requesting close of mainWindow..."}
{"level":30,"time":"2024-06-11T13:18:22.094Z","msg":"requestShutdown: Response received"}
{"level":30,"time":"2024-06-11T13:18:22.098Z","msg":"before-quit event {\"readyForShutdown\":true,\"shouldQuit\":false,\"hasEventBeenPrevented\":false,\"windowCount\":1,\"mainWindowExists\":true,\"mainWindowIsFullScreen\":false}"}
{"level":30,"time":"2024-06-11T13:18:22.098Z","msg":"System tray service: markShouldQuit"}
{"level":30,"time":"2024-06-11T13:18:22.098Z","msg":"close event {\"readyForShutdown\":true,\"shouldQuit\":true}"}
{"level":30,"time":"2024-06-11T13:18:22.100Z","msg":"main window closed event"}
{"level":30,"time":"2024-06-11T13:18:22.100Z","msg":"System tray service: updating main window. Previously, there was a window, and now there is not"}
{"level":30,"time":"2024-06-11T13:18:22.100Z","msg":"System tray service: rendering no tray"}
{"level":30,"time":"2024-06-11T13:18:22.100Z","msg":"will-quit event {\"hasEventBeenPrevented\":false,\"windowCount\":0,\"mainWindowExists\":false}"}
{"level":30,"time":"2024-06-11T13:18:22.100Z","msg":"quit event {\"hasEventBeenPrevented\":false,\"windowCount\":0,\"mainWindowExists\":false}"}
