2024-01-03 09:45:24 Loading main app package /usr/lib/obsidian/obsidian.asar
2024-01-03 09:45:25 Checking for update using Github
2024-01-03 09:45:25 Success.
2024-01-03 09:45:25 Latest version is 1.5.3
2024-01-03 09:45:25 App is up to date.
2024-01-03 09:51:57 Loading main app package /usr/lib/obsidian/obsidian.asar
2024-01-03 09:51:57 Checking for update using Github
2024-01-03 09:51:58 Success.
2024-01-03 09:51:58 Latest version is 1.5.3
2024-01-03 09:51:58 App is up to date.
2024-01-03 09:52:36 Checking for update using Github
2024-01-03 09:52:36 Success.
2024-01-03 09:52:36 Latest version is 1.5.3
2024-01-03 09:52:36 App is up to date.
2024-01-03 10:51:57 Checking for update using Github
2024-01-03 10:51:57 Success.
2024-01-03 10:51:57 Latest version is 1.5.3
2024-01-03 10:51:57 App is up to date.
2024-01-03 11:51:57 Checking for update using Github
2024-01-03 11:51:57 Success.
2024-01-03 11:51:57 Latest version is 1.5.3
2024-01-03 11:51:57 App is up to date.
2024-01-03 12:51:58 Checking for update using Github
2024-01-03 12:51:58 Success.
2024-01-03 12:51:58 Latest version is 1.5.3
2024-01-03 12:51:58 App is up to date.
2024-01-03 13:51:58 Checking for update using Github
2024-01-03 13:51:58 Success.
2024-01-03 13:51:58 Latest version is 1.5.3
2024-01-03 13:51:58 App is up to date.
2024-01-03 14:51:58 Checking for update using Github
2024-01-03 14:51:58 Success.
2024-01-03 14:51:58 Latest version is 1.5.3
2024-01-03 14:51:58 App is up to date.
2024-01-03 15:51:58 Checking for update using Github
2024-01-03 15:51:58 Success.
2024-01-03 15:51:58 Latest version is 1.5.3
2024-01-03 15:51:58 App is up to date.
2024-01-03 16:51:58 Checking for update using Github
2024-01-03 16:51:58 Success.
2024-01-03 16:51:58 Latest version is 1.5.3
2024-01-03 16:51:58 App is up to date.
2024-01-03 17:51:58 Checking for update using Github
2024-01-03 17:51:58 Success.
2024-01-03 17:51:58 Latest version is 1.5.3
2024-01-03 17:51:58 App is up to date.
2024-01-03 18:51:58 Checking for update using Github
2024-01-03 18:51:58 Success.
2024-01-03 18:51:58 Latest version is 1.5.3
2024-01-03 18:51:58 App is up to date.
2024-01-03 19:51:58 Checking for update using Github
2024-01-03 19:51:58 Success.
2024-01-03 19:51:58 Latest version is 1.5.3
2024-01-03 19:51:58 App is up to date.
2024-01-03 20:51:58 Checking for update using Github
2024-01-03 20:51:58 Success.
2024-01-03 20:51:58 Latest version is 1.5.3
2024-01-03 20:51:58 App is up to date.
2024-01-03 21:51:58 Checking for update using Github
2024-01-03 21:51:58 Success.
2024-01-03 21:51:58 Latest version is 1.5.3
2024-01-03 21:51:58 App is up to date.
2024-01-04 12:35:13 Loading main app package /usr/lib/obsidian/obsidian.asar
2024-01-04 12:35:14 Checking for update using Github
2024-01-04 12:35:14 Success.
2024-01-04 12:35:14 Latest version is 1.5.3
2024-01-04 12:35:14 App is up to date.
2024-01-04 13:25:10 Loading main app package /usr/lib/obsidian/obsidian.asar
2024-01-04 13:25:10 Checking for update using Github
2024-01-04 13:25:10 Success.
2024-01-04 13:25:10 Latest version is 1.5.3
2024-01-04 13:25:10 App is up to date.
2024-01-04 14:22:46 Loading main app package /usr/lib/obsidian/obsidian.asar
2024-01-04 14:22:46 Checking for update using Github
2024-01-04 14:22:46 Success.
2024-01-04 14:22:46 Latest version is 1.5.3
2024-01-04 14:22:46 App is up to date.
2024-01-04 14:25:09 Loading main app package /usr/lib/obsidian/obsidian.asar
2024-01-04 14:25:09 Checking for update using Github
2024-01-04 14:25:09 Success.
2024-01-04 14:25:09 Latest version is 1.5.3
2024-01-04 14:25:09 App is up to date.
2024-01-04 15:25:09 Checking for update using Github
2024-01-04 15:25:09 Success.
2024-01-04 15:25:09 Latest version is 1.5.3
2024-01-04 15:25:09 App is up to date.
2024-01-04 16:25:09 Checking for update using Github
2024-01-04 16:25:09 Success.
2024-01-04 16:25:09 Latest version is 1.5.3
2024-01-04 16:25:09 App is up to date.
2024-01-14 17:02:14 Loading main app package /usr/lib/obsidian/obsidian.asar
2024-01-14 17:02:15 Checking for update using Github
2024-01-14 17:02:15 Success.
2024-01-14 17:02:15 Latest version is 1.5.3
2024-01-14 17:02:15 App is up to date.
2024-01-14 17:13:23 Loading main app package /usr/lib/obsidian/obsidian.asar
2024-01-14 17:13:23 Checking for update using Github
2024-01-14 17:13:23 Success.
2024-01-14 17:13:23 Latest version is 1.5.3
2024-01-14 17:13:23 App is up to date.
2024-01-14 17:37:39 Loading main app package /usr/lib/obsidian/obsidian.asar
2024-01-14 17:37:39 Checking for update using Github
2024-01-14 17:37:39 Success.
2024-01-14 17:37:39 Latest version is 1.5.3
2024-01-14 17:37:39 App is up to date.
2024-01-14 17:38:22 Loading main app package /usr/lib/obsidian/obsidian.asar
2024-01-14 17:38:34 Checking for update using Github
2024-01-14 18:37:39 Checking for update using Github
2024-01-14 18:37:39 Success.
2024-01-14 18:37:39 Latest version is 1.5.3
2024-01-14 18:37:39 App is up to date.
2024-01-14 19:37:39 Checking for update using Github
2024-01-14 19:37:39 Success.
2024-01-14 19:37:39 Latest version is 1.5.3
2024-01-14 19:37:39 App is up to date.
2024-01-14 20:37:39 Checking for update using Github
2024-01-14 20:37:39 Success.
2024-01-14 20:37:39 Latest version is 1.5.3
2024-01-14 20:37:39 App is up to date.
2024-01-14 21:37:39 Checking for update using Github
2024-01-14 21:37:39 Success.
2024-01-14 21:37:39 Latest version is 1.5.3
2024-01-14 21:37:39 App is up to date.
2024-01-14 22:37:39 Checking for update using Github
2024-01-14 22:37:39 Success.
2024-01-14 22:37:39 Latest version is 1.5.3
2024-01-14 22:37:39 App is up to date.
2024-01-14 23:37:39 Checking for update using Github
2024-01-14 23:37:39 Success.
2024-01-14 23:37:39 Latest version is 1.5.3
2024-01-14 23:37:39 App is up to date.
2024-01-15 00:37:39 Checking for update using Github
2024-01-15 00:37:39 Success.
2024-01-15 00:37:39 Latest version is 1.5.3
2024-01-15 00:37:39 App is up to date.
2024-01-15 01:37:39 Checking for update using Github
2024-01-15 01:37:39 Success.
2024-01-15 01:37:39 Latest version is 1.5.3
2024-01-15 01:37:39 App is up to date.
2024-01-15 02:24:29 Loading main app package /usr/lib/obsidian/obsidian.asar
2024-01-15 02:24:29 Checking for update using Github
2024-01-15 02:24:30 Success.
2024-01-15 02:24:30 Latest version is 1.5.3
2024-01-15 02:24:30 App is up to date.
2024-01-15 08:07:39 Loading main app package /usr/lib/obsidian/obsidian.asar
2024-01-15 08:07:40 Checking for update using Github
2024-01-15 08:07:40 Success.
2024-01-15 08:07:40 Latest version is 1.5.3
2024-01-15 08:07:40 App is up to date.
2024-01-15 08:12:17 Loading main app package /usr/lib/obsidian/obsidian.asar
2024-01-15 08:12:17 Checking for update using Github
2024-01-15 08:12:17 Success.
2024-01-15 08:12:17 Latest version is 1.5.3
2024-01-15 08:12:17 App is up to date.
2024-01-16 15:56:33 Loading main app package /usr/lib/obsidian/obsidian.asar
2024-01-16 15:56:33 Checking for update using Github
2024-01-16 15:56:33 Success.
2024-01-16 15:56:33 Latest version is 1.5.3
2024-01-16 15:56:33 App is up to date.
2024-01-16 16:56:33 Checking for update using Github
2024-01-16 16:56:33 Success.
2024-01-16 16:56:33 Latest version is 1.5.3
2024-01-16 16:56:33 App is up to date.
2024-01-16 17:56:33 Checking for update using Github
2024-01-16 17:56:33 Success.
2024-01-16 17:56:33 Latest version is 1.5.3
2024-01-16 17:56:33 App is up to date.
2024-01-16 18:56:33 Checking for update using Github
2024-01-16 18:56:33 Success.
2024-01-16 18:56:33 Latest version is 1.5.3
2024-01-16 18:56:33 App is up to date.
2024-01-16 19:56:33 Checking for update using Github
2024-01-16 19:56:33 Success.
2024-01-16 19:56:33 Latest version is 1.5.3
2024-01-16 19:56:33 App is up to date.
2024-01-16 20:56:33 Checking for update using Github
2024-01-16 20:56:33 Success.
2024-01-16 20:56:33 Latest version is 1.5.3
2024-01-16 20:56:33 App is up to date.
2024-01-16 21:56:33 Checking for update using Github
2024-01-16 21:56:33 Success.
2024-01-16 21:56:33 Latest version is 1.5.3
2024-01-16 21:56:33 App is up to date.
2024-01-16 22:56:33 Checking for update using Github
2024-01-16 22:56:34 Success.
2024-01-16 22:56:34 Latest version is 1.5.3
2024-01-16 22:56:34 App is up to date.
2024-01-16 23:56:34 Checking for update using Github
2024-01-16 23:56:34 Success.
2024-01-16 23:56:34 Latest version is 1.5.3
2024-01-16 23:56:34 App is up to date.
2024-01-18 21:32:03 Loading main app package /usr/lib/obsidian/obsidian.asar
2024-01-18 21:32:04 Checking for update using Github
2024-01-18 21:32:04 Success.
2024-01-18 21:32:04 Latest version is 1.5.3
2024-01-18 21:32:04 App is up to date.
2024-01-18 22:49:19 Loading main app package /usr/lib/obsidian/obsidian.asar
2024-01-18 22:49:19 Checking for update using Github
2024-01-18 22:49:19 Success.
2024-01-18 22:49:19 Latest version is 1.5.3
2024-01-18 22:49:19 App is up to date.
2024-01-18 22:58:00 Loading main app package /usr/lib/obsidian/obsidian.asar
2024-01-18 22:58:00 Checking for update using Github
2024-01-18 22:58:00 Success.
2024-01-18 22:58:00 Latest version is 1.5.3
2024-01-18 22:58:00 App is up to date.
2024-01-18 23:10:18 Loading main app package /usr/lib/obsidian/obsidian.asar
2024-01-18 23:10:18 Checking for update using Github
2024-01-18 23:10:18 Success.
2024-01-18 23:10:18 Latest version is 1.5.3
2024-01-18 23:10:18 App is up to date.
2024-01-18 23:18:42 Loading main app package /usr/lib/obsidian/obsidian.asar
2024-01-18 23:18:42 Checking for update using Github
2024-01-18 23:18:42 Success.
2024-01-18 23:18:42 Latest version is 1.5.3
2024-01-18 23:18:42 App is up to date.
2024-01-21 11:46:52 Loading main app package /usr/lib/obsidian/obsidian.asar
2024-01-21 11:46:53 Checking for update using Github
2024-01-21 11:46:53 Success.
2024-01-21 11:46:53 Latest version is 1.5.3
2024-01-21 11:46:53 App is up to date.
2024-01-21 12:46:52 Checking for update using Github
2024-01-21 12:46:53 Success.
2024-01-21 12:46:53 Latest version is 1.5.3
2024-01-21 12:46:53 App is up to date.
2024-01-21 13:46:52 Checking for update using Github
2024-01-21 13:46:53 Success.
2024-01-21 13:46:53 Latest version is 1.5.3
2024-01-21 13:46:53 App is up to date.
2024-01-21 14:46:53 Checking for update using Github
2024-01-21 14:46:53 Success.
2024-01-21 14:46:53 Latest version is 1.5.3
2024-01-21 14:46:53 App is up to date.
2024-02-03 20:19:01 Loading main app package /usr/lib/obsidian/obsidian.asar
2024-02-03 20:19:02 Checking for update using Github
2024-02-03 20:19:02 Success.
2024-02-03 20:19:02 Latest version is 1.5.3
2024-02-03 20:19:02 App is up to date.
2024-02-06 18:00:23 Loading main app package /usr/lib/obsidian/obsidian.asar
2024-02-06 18:00:23 Checking for update using Github
2024-02-06 18:00:23 Success.
2024-02-06 18:00:23 Latest version is 1.5.3
2024-02-06 18:00:23 App is up to date.
2024-02-06 19:00:23 Checking for update using Github
2024-02-06 19:00:24 Success.
2024-02-06 19:00:24 Latest version is 1.5.3
2024-02-06 19:00:24 App is up to date.
2024-02-06 19:20:48 Loading main app package /usr/lib/obsidian/obsidian.asar
2024-02-06 19:20:48 Checking for update using Github
2024-02-06 19:20:49 Success.
2024-02-06 19:20:49 Latest version is 1.5.3
2024-02-06 19:20:49 App is up to date.
2024-02-06 20:20:48 Checking for update using Github
2024-02-06 20:20:48 Success.
2024-02-06 20:20:48 Latest version is 1.5.3
2024-02-06 20:20:48 App is up to date.
2024-02-06 21:20:48 Checking for update using Github
2024-02-06 21:20:49 Success.
2024-02-06 21:20:49 Latest version is 1.5.3
2024-02-06 21:20:49 App is up to date.
2024-02-06 22:20:48 Checking for update using Github
2024-02-06 22:20:49 Success.
2024-02-06 22:20:49 Latest version is 1.5.3
2024-02-06 22:20:49 App is up to date.
2024-02-06 23:20:48 Checking for update using Github
2024-02-06 23:20:49 Success.
2024-02-06 23:20:49 Latest version is 1.5.3
2024-02-06 23:20:49 App is up to date.
2024-02-08 16:12:05 Loading main app package /usr/lib/obsidian/obsidian.asar
2024-02-08 16:12:05 Checking for update using Github
2024-02-08 16:12:05 Success.
2024-02-08 16:12:05 Latest version is 1.5.3
2024-02-08 16:12:05 App is up to date.
2024-02-08 17:12:05 Checking for update using Github
2024-02-08 17:12:05 Success.
2024-02-08 17:12:05 Latest version is 1.5.3
2024-02-08 17:12:05 App is up to date.
2024-02-09 18:17:43 Loading main app package /usr/lib/obsidian/obsidian.asar
2024-02-09 18:17:43 Checking for update using Github
2024-02-09 18:17:43 Success.
2024-02-09 18:17:43 Latest version is 1.5.3
2024-02-09 18:17:43 App is up to date.
2024-02-10 18:41:35 Loading main app package /usr/lib/obsidian/obsidian.asar
2024-02-10 18:41:36 Checking for update using Github
2024-02-10 18:41:36 Success.
2024-02-10 18:41:36 Latest version is 1.5.3
2024-02-10 18:41:36 App is up to date.
2024-02-10 18:42:16 Loading main app package /usr/lib/obsidian/obsidian.asar
2024-02-10 18:42:16 Checking for update using Github
2024-02-10 18:42:16 Success.
2024-02-10 18:42:16 Latest version is 1.5.3
2024-02-10 18:42:16 App is up to date.
2024-02-10 18:42:28 Loading main app package /usr/lib/obsidian/obsidian.asar
2024-02-10 18:42:28 Checking for update using Github
2024-02-10 18:42:28 Success.
2024-02-10 18:42:28 Latest version is 1.5.3
2024-02-10 18:42:28 App is up to date.
2024-02-13 16:49:09 Loading main app package /usr/lib/obsidian/obsidian.asar
2024-02-13 16:49:09 Checking for update using Github
2024-02-13 16:49:10 Success.
2024-02-13 16:49:10 Latest version is 1.5.3
2024-02-13 16:49:10 App is up to date.
2024-02-15 00:03:20 Loading main app package /usr/lib/obsidian/obsidian.asar
2024-02-15 00:03:20 Checking for update using Github
2024-02-15 00:03:20 Success.
2024-02-15 00:03:20 Latest version is 1.5.3
2024-02-15 00:03:20 App is up to date.
2024-02-15 13:22:14 Loading main app package /usr/lib/obsidian/obsidian.asar
2024-02-15 13:22:15 Checking for update using Github
2024-02-15 13:22:15 Success.
2024-02-15 13:22:15 Latest version is 1.5.3
2024-02-15 13:22:15 App is up to date.
2024-02-15 14:22:14 Checking for update using Github
2024-02-15 14:22:14 Success.
2024-02-15 14:22:14 Latest version is 1.5.3
2024-02-15 14:22:14 App is up to date.
2024-02-15 15:22:14 Checking for update using Github
2024-02-15 15:22:15 Success.
2024-02-15 15:22:15 Latest version is 1.5.3
2024-02-15 15:22:15 App is up to date.
2024-02-15 16:22:15 Checking for update using Github
2024-02-15 16:22:15 Success.
2024-02-15 16:22:15 Latest version is 1.5.3
2024-02-15 16:22:15 App is up to date.
2024-02-15 17:22:15 Checking for update using Github
2024-02-15 17:22:15 Success.
2024-02-15 17:22:15 Latest version is 1.5.3
2024-02-15 17:22:15 App is up to date.
2024-02-15 18:22:15 Checking for update using Github
2024-02-15 18:22:15 Success.
2024-02-15 18:22:15 Latest version is 1.5.3
2024-02-15 18:22:15 App is up to date.
2024-02-15 19:22:15 Checking for update using Github
2024-02-15 19:22:15 Success.
2024-02-15 19:22:15 Latest version is 1.5.3
2024-02-15 19:22:15 App is up to date.
2024-02-18 18:38:30 Loading main app package /usr/lib/obsidian/obsidian.asar
2024-02-18 18:38:30 Checking for update using Github
2024-02-18 18:38:30 Success.
2024-02-18 18:38:30 Latest version is 1.5.3
2024-02-18 18:38:30 App is up to date.
2024-02-18 19:38:30 Checking for update using Github
2024-02-18 19:38:30 Success.
2024-02-18 19:38:30 Latest version is 1.5.3
2024-02-18 19:38:30 App is up to date.
2024-02-18 20:38:30 Checking for update using Github
2024-02-18 20:38:30 Success.
2024-02-18 20:38:30 Latest version is 1.5.3
2024-02-18 20:38:30 App is up to date.
2024-02-18 21:38:30 Checking for update using Github
2024-02-18 21:38:30 Success.
2024-02-18 21:38:30 Latest version is 1.5.3
2024-02-18 21:38:30 App is up to date.
2024-02-18 22:38:30 Checking for update using Github
2024-02-18 22:38:30 Success.
2024-02-18 22:38:30 Latest version is 1.5.3
2024-02-18 22:38:30 App is up to date.
2024-02-18 23:38:30 Checking for update using Github
2024-02-18 23:38:30 Success.
2024-02-18 23:38:30 Latest version is 1.5.3
2024-02-18 23:38:30 App is up to date.
2024-02-19 00:38:30 Checking for update using Github
2024-02-19 00:38:30 Success.
2024-02-19 00:38:30 Latest version is 1.5.3
2024-02-19 00:38:30 App is up to date.
2024-02-19 01:38:30 Checking for update using Github
2024-02-19 01:38:30 Success.
2024-02-19 01:38:30 Latest version is 1.5.3
2024-02-19 01:38:30 App is up to date.
2024-02-19 02:38:30 Checking for update using Github
2024-02-19 02:38:30 Success.
2024-02-19 02:38:30 Latest version is 1.5.3
2024-02-19 02:38:30 App is up to date.
2024-02-19 12:50:19 Loading main app package /usr/lib/obsidian/obsidian.asar
2024-02-19 12:50:20 Checking for update using Github
2024-02-19 12:50:20 Success.
2024-02-19 12:50:20 Latest version is 1.5.3
2024-02-19 12:50:20 App is up to date.
2024-02-19 13:50:19 Checking for update using Github
2024-02-19 13:50:19 Success.
2024-02-19 13:50:19 Latest version is 1.5.3
2024-02-19 13:50:19 App is up to date.
2024-02-19 14:50:20 Checking for update using Github
2024-02-19 14:50:20 Success.
2024-02-19 14:50:20 Latest version is 1.5.3
2024-02-19 14:50:20 App is up to date.
2024-02-19 15:50:20 Checking for update using Github
2024-02-19 15:50:20 Success.
2024-02-19 15:50:20 Latest version is 1.5.3
2024-02-19 15:50:20 App is up to date.
2024-02-19 16:50:20 Checking for update using Github
2024-02-19 16:50:20 Success.
2024-02-19 16:50:20 Latest version is 1.5.3
2024-02-19 16:50:20 App is up to date.
2024-02-19 17:50:20 Checking for update using Github
2024-02-19 17:50:20 Success.
2024-02-19 17:50:20 Latest version is 1.5.3
2024-02-19 17:50:20 App is up to date.
2024-02-20 15:33:44 Loading main app package /usr/lib/obsidian/obsidian.asar
2024-02-20 15:33:44 Checking for update using Github
2024-02-20 15:33:44 Success.
2024-02-20 15:33:44 Latest version is 1.5.3
2024-02-20 15:33:44 App is up to date.
2024-02-20 16:33:44 Checking for update using Github
2024-02-20 16:33:44 Success.
2024-02-20 16:33:44 Latest version is 1.5.3
2024-02-20 16:33:44 App is up to date.
2024-02-20 17:33:44 Checking for update using Github
2024-02-20 17:33:44 Success.
2024-02-20 17:33:44 Latest version is 1.5.3
2024-02-20 17:33:44 App is up to date.
2024-02-20 18:33:44 Checking for update using Github
2024-02-20 18:33:44 Success.
2024-02-20 18:33:44 Latest version is 1.5.3
2024-02-20 18:33:44 App is up to date.
2024-02-20 19:33:44 Checking for update using Github
2024-02-20 19:33:44 Success.
2024-02-20 19:33:44 Latest version is 1.5.3
2024-02-20 19:33:44 App is up to date.
2024-02-20 19:45:58 Loading main app package /usr/lib/obsidian/obsidian.asar
2024-02-20 19:45:58 Checking for update using Github
2024-02-20 19:45:58 Success.
2024-02-20 19:45:58 Latest version is 1.5.3
2024-02-20 19:45:58 App is up to date.
2024-02-21 16:18:25 Loading main app package /usr/lib/obsidian/obsidian.asar
2024-02-21 16:18:26 Checking for update using Github
2024-02-21 16:18:26 Success.
2024-02-21 16:18:26 Latest version is 1.5.3
2024-02-21 16:18:26 App is up to date.
2024-02-21 17:18:25 Checking for update using Github
2024-02-21 17:18:25 Success.
2024-02-21 17:18:25 Latest version is 1.5.3
2024-02-21 17:18:25 App is up to date.
2024-02-21 18:18:26 Checking for update using Github
2024-02-21 18:18:26 Success.
2024-02-21 18:18:26 Latest version is 1.5.3
2024-02-21 18:18:26 App is up to date.
2024-02-21 19:18:26 Checking for update using Github
2024-02-21 19:18:26 Success.
2024-02-21 19:18:26 Latest version is 1.5.3
2024-02-21 19:18:26 App is up to date.
2024-02-21 20:18:26 Checking for update using Github
2024-02-21 20:18:26 Success.
2024-02-21 20:18:26 Latest version is 1.5.3
2024-02-21 20:18:26 App is up to date.
2024-02-21 21:18:26 Checking for update using Github
2024-02-21 21:18:26 Success.
2024-02-21 21:18:26 Latest version is 1.5.3
2024-02-21 21:18:26 App is up to date.
2024-02-21 22:18:26 Checking for update using Github
2024-02-21 22:18:26 Success.
2024-02-21 22:18:26 Latest version is 1.5.3
2024-02-21 22:18:26 App is up to date.
2024-02-21 23:18:26 Checking for update using Github
2024-02-21 23:18:26 Success.
2024-02-21 23:18:26 Latest version is 1.5.3
2024-02-21 23:18:26 App is up to date.
2024-02-22 00:18:26 Checking for update using Github
2024-02-22 00:18:26 Success.
2024-02-22 00:18:26 Latest version is 1.5.3
2024-02-22 00:18:26 App is up to date.
2024-02-22 01:18:26 Checking for update using Github
2024-02-22 01:18:26 Success.
2024-02-22 01:18:26 Latest version is 1.5.3
2024-02-22 01:18:26 App is up to date.
2024-02-22 12:53:32 Loading main app package /usr/lib/obsidian/obsidian.asar
2024-02-22 12:53:32 Checking for update using Github
2024-02-22 12:53:32 Success.
2024-02-22 12:53:32 Latest version is 1.5.3
2024-02-22 12:53:32 App is up to date.
2024-02-22 13:53:32 Checking for update using Github
2024-02-22 13:53:32 Success.
2024-02-22 13:53:32 Latest version is 1.5.3
2024-02-22 13:53:32 App is up to date.
2024-02-22 14:53:32 Checking for update using Github
2024-02-22 14:53:32 Success.
2024-02-22 14:53:32 Latest version is 1.5.3
2024-02-22 14:53:32 App is up to date.
2024-02-22 15:53:32 Checking for update using Github
2024-02-22 15:53:32 Success.
2024-02-22 15:53:32 Latest version is 1.5.8
2024-02-22 15:53:32 Downloading update from https://github.com/obsidianmd/obsidian-releases/releases/download/v1.5.8/obsidian-1.5.8.asar.gz
2024-02-22 15:53:34 Verifying hash & signature. Size= 8652806
2024-02-22 15:53:34 Saving file
2024-02-22 15:53:35 Update complete.
2024-02-22 16:53:32 Checking for update using Github
2024-02-22 16:53:32 Success.
2024-02-22 16:53:32 Latest version is 1.5.8
2024-02-22 16:53:32 An update is already downloaded.
2024-02-22 17:53:32 Checking for update using Github
2024-02-22 17:53:32 Success.
2024-02-22 17:53:32 Latest version is 1.5.8
2024-02-22 17:53:32 An update is already downloaded.
2024-02-22 18:53:32 Checking for update using Github
2024-02-22 18:53:33 Success.
2024-02-22 18:53:33 Latest version is 1.5.8
2024-02-22 18:53:33 An update is already downloaded.
2024-02-22 19:53:33 Checking for update using Github
2024-02-22 19:53:33 Success.
2024-02-22 19:53:33 Latest version is 1.5.8
2024-02-22 19:53:33 An update is already downloaded.
2024-02-22 20:53:33 Checking for update using Github
2024-02-22 20:53:33 Success.
2024-02-22 20:53:33 Latest version is 1.5.8
2024-02-22 20:53:33 An update is already downloaded.
2024-02-22 21:53:33 Checking for update using Github
2024-02-22 21:53:33 Success.
2024-02-22 21:53:33 Latest version is 1.5.8
2024-02-22 21:53:33 An update is already downloaded.
2024-02-22 22:53:33 Checking for update using Github
2024-02-22 22:53:33 Success.
2024-02-22 22:53:33 Latest version is 1.5.8
2024-02-22 22:53:33 An update is already downloaded.
2024-02-23 15:33:47 Loading main app package /usr/lib/obsidian/obsidian.asar
2024-02-23 15:33:47 Checking for update using Github
2024-02-23 15:33:47 Success.
2024-02-23 15:33:47 Latest version is 1.5.8
2024-02-23 15:33:47 App is up to date.
2024-02-23 16:33:47 Checking for update using Github
2024-02-23 16:33:47 Success.
2024-02-23 16:33:47 Latest version is 1.5.8
2024-02-23 16:33:47 App is up to date.
2024-02-23 17:33:47 Checking for update using Github
2024-02-23 17:33:47 Success.
2024-02-23 17:33:47 Latest version is 1.5.8
2024-02-23 17:33:47 App is up to date.
2024-02-23 18:33:47 Checking for update using Github
2024-02-23 18:33:47 Success.
2024-02-23 18:33:47 Latest version is 1.5.8
2024-02-23 18:33:47 App is up to date.
2024-02-23 19:33:47 Checking for update using Github
2024-02-23 19:33:47 Success.
2024-02-23 19:33:47 Latest version is 1.5.8
2024-02-23 19:33:47 App is up to date.
2024-02-23 20:33:47 Checking for update using Github
2024-02-23 20:33:47 Success.
2024-02-23 20:33:47 Latest version is 1.5.8
2024-02-23 20:33:47 App is up to date.
2024-02-23 21:33:47 Checking for update using Github
2024-02-23 21:33:47 Success.
2024-02-23 21:33:47 Latest version is 1.5.8
2024-02-23 21:33:47 App is up to date.
2024-02-24 14:24:38 Loading main app package /usr/lib/obsidian/obsidian.asar
2024-02-24 14:24:38 Checking for update using Github
2024-02-24 14:24:38 Success.
2024-02-24 14:24:38 Latest version is 1.5.8
2024-02-24 14:24:38 App is up to date.
2024-02-24 15:24:38 Checking for update using Github
2024-02-24 15:24:38 Success.
2024-02-24 15:24:38 Latest version is 1.5.8
2024-02-24 15:24:38 App is up to date.
2024-02-24 16:24:38 Checking for update using Github
2024-02-24 16:24:38 Success.
2024-02-24 16:24:38 Latest version is 1.5.8
2024-02-24 16:24:38 App is up to date.
2024-02-24 17:19:58 Loading main app package /usr/lib/obsidian/obsidian.asar
2024-02-24 17:19:58 Checking for update using Github
2024-02-24 17:24:38 Checking for update using Github
2024-02-24 17:24:38 Success.
2024-02-24 17:24:38 Latest version is 1.5.8
2024-02-24 17:24:38 App is up to date.
2024-02-24 18:24:38 Checking for update using Github
2024-02-24 18:24:38 Success.
2024-02-24 18:24:38 Latest version is 1.5.8
2024-02-24 18:24:38 App is up to date.
2024-02-24 19:24:38 Checking for update using Github
2024-02-24 19:24:38 Success.
2024-02-24 19:24:38 Latest version is 1.5.8
2024-02-24 19:24:38 App is up to date.
2024-02-24 20:24:38 Checking for update using Github
2024-02-24 20:24:38 Success.
2024-02-24 20:24:38 Latest version is 1.5.8
2024-02-24 20:24:38 App is up to date.
2024-02-24 21:24:39 Checking for update using Github
2024-02-24 21:24:39 Success.
2024-02-24 21:24:39 Latest version is 1.5.8
2024-02-24 21:24:39 App is up to date.
2024-02-24 22:24:39 Checking for update using Github
2024-02-24 22:24:39 Success.
2024-02-24 22:24:39 Latest version is 1.5.8
2024-02-24 22:24:39 App is up to date.
2024-02-24 23:24:39 Checking for update using Github
2024-02-24 23:24:39 Success.
2024-02-24 23:24:39 Latest version is 1.5.8
2024-02-24 23:24:39 App is up to date.
2024-02-25 00:24:39 Checking for update using Github
2024-02-25 00:24:39 Success.
2024-02-25 00:24:39 Latest version is 1.5.8
2024-02-25 00:24:39 App is up to date.
2024-02-25 01:24:39 Checking for update using Github
2024-02-25 01:24:39 Success.
2024-02-25 01:24:39 Latest version is 1.5.8
2024-02-25 01:24:39 App is up to date.
2024-02-25 02:24:39 Checking for update using Github
2024-02-25 02:24:39 Success.
2024-02-25 02:24:39 Latest version is 1.5.8
2024-02-25 02:24:39 App is up to date.
2024-03-03 16:25:30 Loading main app package /usr/lib/obsidian/obsidian.asar
2024-03-03 16:25:30 Checking for update using Github
2024-03-03 16:25:31 Success.
2024-03-03 16:25:31 Latest version is 1.5.8
2024-03-03 16:25:31 App is up to date.
